<?xml version="1.0" encoding="UTF-8"?>
<testsuite xmlns:xsi="http://www.w3.org/2001/XMLSchema-instance" xsi:noNamespaceSchemaLocation="https://maven.apache.org/surefire/maven-surefire-plugin/xsd/surefire-test-report-3.0.xsd" version="3.0" name="com.ecom.ShoppingCartApplicationTests" time="23.532" tests="1" errors="0" skipped="0" failures="0">
  <properties>
[...]
</properties>
  <testcase name="contextLoads" classname="com.ecom.ShoppingCartApplicationTests" time="1.08">
    <system-out><![CDATA[03:12:34.522 [main] INFO org.springframework.test.context.support.AnnotationConfigContextLoaderUtils -- Could not detect default configuration classes for test class [com.ecom.ShoppingCartApplicationTests]: ShoppingCartApplicationTests does not declare any static, non-private, non-final, nested classes annotated with @Configuration.
03:12:34.837 [main] INFO org.springframework.boot.test.context.SpringBootTestContextBootstrapper -- Found @SpringBootConfiguration com.ecom.ShoppingCartApplication for test class com.ecom.ShoppingCartApplicationTests
03:12:35.276 [main] INFO org.springframework.boot.devtools.restart.RestartApplicationListener -- Restart disabled due to context in which it is running

  .   ____          _            __ _ _
 /\\ / ___'_ __ _ _(_)_ __  __ _ \ \ \ \
( ( )\___ | '_ | '_| | '_ \/ _` | \ \ \ \
 \\/  ___)| |_)| | | | | || (_| |  ) ) ) )
  '  |____| .__|_| |_|_| |_\__, | / / / /
 =========|_|==============|___/=/_/_/_/
 :: Spring Boot ::                (v3.2.3)

2025-05-08T03:12:35.879+03:00  INFO 11436 --- [           main] com.ecom.ShoppingCartApplicationTests    : Starting ShoppingCartApplicationTests using Java 21.0.6 with PID 11436 (started by HP in C:\Users\HP\Documents\shopping-cart-spring-boot)
2025-05-08T03:12:35.881+03:00  INFO 11436 --- [           main] com.ecom.ShoppingCartApplicationTests    : No active profile set, falling back to 1 default profile: "default"
2025-05-08T03:12:38.432+03:00  INFO 11436 --- [           main] .s.d.r.c.RepositoryConfigurationDelegate : Bootstrapping Spring Data JPA repositories in DEFAULT mode.
2025-05-08T03:12:38.600+03:00  INFO 11436 --- [           main] .s.d.r.c.RepositoryConfigurationDelegate : Finished Spring Data repository scanning in 148 ms. Found 5 JPA repository interfaces.
2025-05-08T03:12:39.752+03:00  INFO 11436 --- [           main] o.hibernate.jpa.internal.util.LogHelper  : HHH000204: Processing PersistenceUnitInfo [name: default]
2025-05-08T03:12:39.876+03:00  INFO 11436 --- [           main] org.hibernate.Version                    : HHH000412: Hibernate ORM core version 6.4.4.Final
2025-05-08T03:12:39.937+03:00  INFO 11436 --- [           main] o.h.c.internal.RegionFactoryInitiator    : HHH000026: Second-level cache disabled
2025-05-08T03:12:40.544+03:00  INFO 11436 --- [           main] o.s.o.j.p.SpringPersistenceUnitInfo      : No LoadTimeWeaver setup: ignoring JPA class transformer
2025-05-08T03:12:40.634+03:00  INFO 11436 --- [           main] com.zaxxer.hikari.HikariDataSource       : HikariPool-1 - Starting...
2025-05-08T03:12:45.227+03:00  INFO 11436 --- [           main] com.zaxxer.hikari.pool.HikariPool        : HikariPool-1 - Added connection com.mysql.cj.jdbc.ConnectionImpl@6afeaf2d
2025-05-08T03:12:45.237+03:00  INFO 11436 --- [           main] com.zaxxer.hikari.HikariDataSource       : HikariPool-1 - Start completed.
2025-05-08T03:12:45.742+03:00  WARN 11436 --- [           main] org.hibernate.orm.deprecation            : HHH90000025: MySQL8Dialect does not need to be specified explicitly using 'hibernate.dialect' (remove the property setting and it will be selected by default)
2025-05-08T03:12:45.747+03:00  WARN 11436 --- [           main] org.hibernate.orm.deprecation            : HHH90000026: MySQL8Dialect has been deprecated; use org.hibernate.dialect.MySQLDialect instead
2025-05-08T03:12:47.691+03:00  INFO 11436 --- [           main] o.h.e.t.j.p.i.JtaPlatformInitiator       : HHH000489: No JTA platform available (set 'hibernate.transaction.jta.platform' to enable JTA platform integration)
2025-05-08T03:12:53.503+03:00  INFO 11436 --- [           main] j.LocalContainerEntityManagerFactoryBean : Initialized JPA EntityManagerFactory for persistence unit 'default'
2025-05-08T03:12:54.896+03:00  WARN 11436 --- [           main] JpaBaseConfiguration$JpaWebConfiguration : spring.jpa.open-in-view is enabled by default. Therefore, database queries may be performed during view rendering. Explicitly configure spring.jpa.open-in-view to disable this warning
2025-05-08T03:12:55.119+03:00  INFO 11436 --- [           main] o.s.b.a.w.s.WelcomePageHandlerMapping    : Adding welcome page template: index
2025-05-08T03:12:55.586+03:00  INFO 11436 --- [           main] o.s.s.web.DefaultSecurityFilterChain     : Will secure any request with [org.springframework.security.web.session.DisableEncodeUrlFilter@6ddc9001, org.springframework.security.web.context.request.async.WebAsyncManagerIntegrationFilter@1f39b3ba, org.springframework.security.web.context.SecurityContextHolderFilter@6a887649, org.springframework.security.web.header.HeaderWriterFilter@190cc39e, org.springframework.security.web.authentication.logout.LogoutFilter@6eaf6ced, org.springframework.security.web.authentication.UsernamePasswordAuthenticationFilter@d082916, org.springframework.security.web.savedrequest.RequestCacheAwareFilter@27ada0e8, org.springframework.security.web.servletapi.SecurityContextHolderAwareRequestFilter@62fa4a88, org.springframework.security.web.authentication.AnonymousAuthenticationFilter@53b579d2, org.springframework.security.web.access.ExceptionTranslationFilter@1bf4a79b, org.springframework.security.web.access.intercept.AuthorizationFilter@259ae1a9]
2025-05-08T03:12:56.332+03:00  INFO 11436 --- [           main] com.ecom.ShoppingCartApplicationTests    : Started ShoppingCartApplicationTests in 21.081 seconds (process running for 24.118)
]]></system-out>
    <system-err><![CDATA[WARNING: A Java agent has been loaded dynamically (C:\Users\HP\.m2\repository\net\bytebuddy\byte-buddy-agent\1.14.12\byte-buddy-agent-1.14.12.jar)
WARNING: If a serviceability tool is in use, please run with -XX:+EnableDynamicAgentLoading to hide this warning
WARNING: If a serviceability tool is not in use, please run with -Djdk.instrument.traceUsage for more information
WARNING: Dynamic loading of agents will be disallowed by default in a future release
]]></system-err>
  </testcase>
</testsuite>